0 info it worked if it ends with ok
1 verbose cli [ 'C:\\Program Files\\nodejs\\node.exe',
1 verbose cli   'C:\\Program Files\\nodejs\\node_modules\\npm\\bin\\npm-cli.js',
1 verbose cli   'run',
1 verbose cli   'start' ]
2 info using npm@3.7.3
3 info using node@v5.9.0
4 verbose run-script [ 'prestart', 'start', 'poststart' ]
5 info lifecycle codelab@1.0.0~prestart: codelab@1.0.0
6 silly lifecycle codelab@1.0.0~prestart: no script for prestart, continuing
7 info lifecycle codelab@1.0.0~start: codelab@1.0.0
8 verbose lifecycle codelab@1.0.0~start: unsafe-perm in lifecycle true
9 verbose lifecycle codelab@1.0.0~start: PATH: C:\Program Files\nodejs\node_modules\npm\bin\node-gyp-bin;C:\Users\Lenovo\workspace\codelab\react-codelab-project\node_modules\.bin;C:\Program Files\nodejs;C:\Users\Lenovo\bin;C:\Program Files\Git\mingw64\bin;C:\Program Files\Git\usr\local\bin;C:\Program Files\Git\usr\bin;C:\Program Files\Git\usr\bin;C:\Program Files\Git\mingw64\bin;C:\Program Files\Git\usr\bin;C:\Users\Lenovo\bin;C:\ProgramData\Oracle\Java\javapath;C:\WINDOWS\system32;C:\WINDOWS;C:\WINDOWS\System32\Wbem;C:\WINDOWS\System32\WindowsPowerShell\v1.0;C:\Program Files\nodejs;C:\Go\bin;C:\Program Files\Git\cmd;C:\Program Files\Git\mingw64\bin;C:\Program Files\Git\usr\bin;C:\Users\Lenovo\AppData\Local\atom\bin;C:\Users\Lenovo\AppData\Roaming\npm;C:\Program Files\MongoDB\Server\3.2\bin;C:\Program Files\Git\usr\bin\vendor_perl;C:\Program Files\Git\usr\bin\core_perl
10 verbose lifecycle codelab@1.0.0~start: CWD: C:\Users\Lenovo\workspace\codelab\react-codelab-project
11 silly lifecycle codelab@1.0.0~start: Args: [ '/d /s /c',
11 silly lifecycle   'cross-env NODE_ENV=production node ./build/main.js' ]
12 silly lifecycle codelab@1.0.0~start: Returned: code: 1  signal: null
13 info lifecycle codelab@1.0.0~start: Failed to exec start script
14 verbose stack Error: codelab@1.0.0 start: `cross-env NODE_ENV=production node ./build/main.js`
14 verbose stack Exit status 1
14 verbose stack     at EventEmitter.<anonymous> (C:\Program Files\nodejs\node_modules\npm\lib\utils\lifecycle.js:239:16)
14 verbose stack     at emitTwo (events.js:100:13)
14 verbose stack     at EventEmitter.emit (events.js:185:7)
14 verbose stack     at ChildProcess.<anonymous> (C:\Program Files\nodejs\node_modules\npm\lib\utils\spawn.js:24:14)
14 verbose stack     at emitTwo (events.js:100:13)
14 verbose stack     at ChildProcess.emit (events.js:185:7)
14 verbose stack     at maybeClose (internal/child_process.js:850:16)
14 verbose stack     at Process.ChildProcess._handle.onexit (internal/child_process.js:215:5)
15 verbose pkgid codelab@1.0.0
16 verbose cwd C:\Users\Lenovo\workspace\codelab\react-codelab-project
17 error Windows_NT 10.0.10586
18 error argv "C:\\Program Files\\nodejs\\node.exe" "C:\\Program Files\\nodejs\\node_modules\\npm\\bin\\npm-cli.js" "run" "start"
19 error node v5.9.0
20 error npm  v3.7.3
21 error code ELIFECYCLE
22 error codelab@1.0.0 start: `cross-env NODE_ENV=production node ./build/main.js`
22 error Exit status 1
23 error Failed at the codelab@1.0.0 start script 'cross-env NODE_ENV=production node ./build/main.js'.
23 error Make sure you have the latest version of node.js and npm installed.
23 error If you do, this is most likely a problem with the codelab package,
23 error not with npm itself.
23 error Tell the author that this fails on your system:
23 error     cross-env NODE_ENV=production node ./build/main.js
23 error You can get information on how to open an issue for this project with:
23 error     npm bugs codelab
23 error Or if that isn't available, you can get their info via:
23 error     npm owner ls codelab
23 error There is likely additional logging output above.
24 verbose exit [ 1, true ]
